<?xml version="1.0" encoding="UTF-8"?>
<!-- Generated by org.testng.reporters.JUnitReportReporter -->
<testsuite hostname="LAPTOP-2G7FG5TV" failures="0" tests="7" name="AppiumTest.Demo" time="208.185" errors="0" timestamp="2021-05-04T13:51:32 ICT" skipped="0">
  <testcase classname="AppiumTest.Demo" name="assertUsernameAndPasswordField" time="24.194"/>
  <system-out/>
  <testcase classname="AppiumTest.Demo" name="loginSuccess" time="36.402"/>
  <system-out/>
  <testcase classname="AppiumTest.Demo" name="loginWithUppercaseUsername" time="29.002"/>
  <system-out/>
  <testcase classname="AppiumTest.Demo" name="loginWithUppercasePassword" time="30.785"/>
  <system-out/>
  <testcase classname="AppiumTest.Demo" name="loginWithSpecialCharacter" time="31.947"/>
  <system-out/>
  <testcase classname="AppiumTest.Demo" name="loginWithIncorrectUsername" time="30.303"/>
  <system-out/>
  <testcase classname="AppiumTest.Demo" name="loginWithIncorrectPassword" time="25.552"/>
  <system-out/>
</testsuite> <!-- AppiumTest.Demo -->
