<?xml version="1.0" encoding="UTF-8"?>
<!-- Generated by org.testng.reporters.JUnitReportReporter -->
<testsuite hostname="LAPTOP-2G7FG5TV" failures="0" tests="9" name="AppiumTest.AdminTest" time="449.890" errors="0" timestamp="2021-05-06T16:58:52 ICT" skipped="0">
  <testcase classname="AppiumTest.AdminTest" name="checkAdminUserPage" time="34.830"/>
  <system-out/>
  <testcase classname="AppiumTest.AdminTest" name="AddUserSuccess" time="49.581"/>
  <system-out/>
  <testcase classname="AppiumTest.AdminTest" name="AddUserWithNotExistEmplyee" time="55.444"/>
  <system-out/>
  <testcase classname="AppiumTest.AdminTest" name="AddUserWithNullEmployeeName" time="49.623"/>
  <system-out/>
  <testcase classname="AppiumTest.AdminTest" name="AddUserWithInvalidUsername" time="50.895"/>
  <system-out/>
  <testcase classname="AppiumTest.AdminTest" name="AddUserWithNullUsername" time="53.224"/>
  <system-out/>
  <testcase classname="AppiumTest.AdminTest" name="AddUserWithExistUsername" time="48.918"/>
  <system-out/>
  <testcase classname="AppiumTest.AdminTest" name="AddUserWithInvalidPassword" time="49.913"/>
  <system-out/>
  <testcase classname="AppiumTest.AdminTest" name="AddUserWithNullPassword" time="57.462"/>
  <system-out/>
</testsuite> <!-- AppiumTest.AdminTest -->
