<?xml version="1.0" encoding="UTF-8"?>
<!-- Generated by org.testng.reporters.JUnitReportReporter -->
<testsuite hostname="LAPTOP-2G7FG5TV" failures="0" tests="1" name="AppiumTest.DeleteTest" time="33.532" errors="0" timestamp="2021-05-07T15:16:40 ICT" skipped="0">
  <testcase classname="AppiumTest.DeleteTest" name="deleteUser" time="33.532"/>
  <system-out/>
</testsuite> <!-- AppiumTest.DeleteTest -->
