<?xml version="1.0" encoding="UTF-8"?>
<!-- Generated by org.testng.reporters.JUnitReportReporter -->
<testsuite hostname="LAPTOP-2G7FG5TV" failures="0" tests="9" name="AppiumTest.LoginTest" time="192.668" errors="0" timestamp="2021-05-08T13:58:45 ICT" skipped="0">
  <testcase classname="AppiumTest.LoginTest" name="verifyLoginPage" time="17.450"/>
  <system-out/>
  <testcase classname="AppiumTest.LoginTest" name="loginSuccess" time="22.326"/>
  <system-out/>
  <testcase classname="AppiumTest.LoginTest" name="loginWithUppercaseUsername" time="22.299"/>
  <system-out/>
  <testcase classname="AppiumTest.LoginTest" name="loginWithUppercasePassword" time="21.692"/>
  <system-out/>
  <testcase classname="AppiumTest.LoginTest" name="loginWithSpecialCharacter" time="21.126"/>
  <system-out/>
  <testcase classname="AppiumTest.LoginTest" name="loginWithIncorrectUsername" time="21.403"/>
  <system-out/>
  <testcase classname="AppiumTest.LoginTest" name="loginWithIncorrectPassword" time="22.056"/>
  <system-out/>
  <testcase classname="AppiumTest.LoginTest" name="loginWithNullUsername" time="23.963"/>
  <system-out/>
  <testcase classname="AppiumTest.LoginTest" name="loginWithPassword" time="20.353"/>
  <system-out/>
</testsuite> <!-- AppiumTest.LoginTest -->
