<?xml version="1.0" encoding="UTF-8"?>
<!-- Generated by org.testng.reporters.JUnitReportReporter -->
<testsuite hostname="LAPTOP-2G7FG5TV" failures="0" tests="4" name="AppiumTest.AdminSearchTest" time="156.352" errors="0" timestamp="2021-05-07T14:54:09 ICT" skipped="0">
  <testcase classname="AppiumTest.AdminSearchTest" name="searchWithUsername" time="35.138"/>
  <system-out/>
  <testcase classname="AppiumTest.AdminSearchTest" name="searchWithRole" time="36.485"/>
  <system-out/>
  <testcase classname="AppiumTest.AdminSearchTest" name="searchWithEmployeeName" time="50.027"/>
  <system-out/>
  <testcase classname="AppiumTest.AdminSearchTest" name="searchWithStatus" time="34.702"/>
  <system-out/>
</testsuite> <!-- AppiumTest.AdminSearchTest -->
