<?xml version="1.0" encoding="UTF-8"?>
<!-- Generated by org.testng.reporters.JUnitReportReporter -->
<testsuite hostname="LAPTOP-2G7FG5TV" failures="0" tests="1" name="AppiumTest.Demo" time="25.730" errors="0" timestamp="2021-04-18T15:06:42 ICT" skipped="0">
  <testcase classname="AppiumTest.Demo" name="assertUsernameAndPasswordField" time="25.730"/>
  <system-out/>
</testsuite> <!-- AppiumTest.Demo -->
